<?xml version="1.0" encoding="UTF-8" ?>
<testsuite tests="11" failures="0" name="edu.lmu.cmsi281.assignment4.LinkedNmostRecentTest" time="0.016" errors="0" skipped="0">
  <properties>
    <property name="java.runtime.name" value="Java(TM) SE Runtime Environment"/>
    <property name="sun.boot.library.path" value="F:\JAVA\Java\jdk1.8.0_20\bin"/>
    <property name="java.vm.version" value="25.20-b23"/>
    <property name="java.vm.vendor" value="Oracle Corporation"/>
    <property name="java.vendor.url" value="http://java.oracle.com/"/>
    <property name="path.separator" value=";"/>
    <property name="guice.disable.misplaced.annotation.check" value="true"/>
    <property name="java.vm.name" value="Java HotSpot(TM) 64-Bit Server VM"/>
    <property name="file.encoding.pkg" value="sun.io"/>
    <property name="user.script" value=""/>
    <property name="user.country" value="US"/>
    <property name="sun.java.launcher" value="SUN_STANDARD"/>
    <property name="sun.os.patch.level" value="Service Pack 1"/>
    <property name="java.vm.specification.name" value="Java Virtual Machine Specification"/>
    <property name="user.dir" value="F:\FUCKED_UBUNTU\home\frankie\cmsi281\Assignment4"/>
    <property name="java.runtime.version" value="1.8.0_20-b26"/>
    <property name="java.awt.graphicsenv" value="sun.awt.Win32GraphicsEnvironment"/>
    <property name="java.endorsed.dirs" value="F:\JAVA\Java\jdk1.8.0_20\lib\endorsed"/>
    <property name="os.arch" value="amd64"/>
    <property name="java.io.tmpdir" value="C:\Users\BOXOFF~1\AppData\Local\Temp\"/>
    <property name="line.separator" value="
"/>
    <property name="java.vm.specification.vendor" value="Oracle Corporation"/>
    <property name="user.variant" value=""/>
    <property name="os.name" value="Windows 7"/>
    <property name="classworlds.conf" value="F:\Maven\apache-maven-3.2.3-bin\apache-maven-3.2.3\bin\m2.conf"/>
    <property name="sun.jnu.encoding" value="Cp1252"/>
    <property name="java.library.path" value="F:\JAVA\Java\jdk1.8.0_20\bin;C:\windows\Sun\Java\bin;C:\windows\system32;C:\windows;F:\JAVA\Java\jdk1.8.0_20\bin;F:\Maven\apache-maven-3.2.3-bin\apache-maven-3.2.3\bin;F:\Git\Git\bin;F:\Git\Git\cmd;."/>
    <property name="java.specification.name" value="Java Platform API Specification"/>
    <property name="java.class.version" value="52.0"/>
    <property name="sun.management.compiler" value="HotSpot 64-Bit Tiered Compilers"/>
    <property name="os.version" value="6.1"/>
    <property name="user.home" value="C:\Users\BoxOffice"/>
    <property name="user.timezone" value="America/Los_Angeles"/>
    <property name="java.awt.printerjob" value="sun.awt.windows.WPrinterJob"/>
    <property name="java.specification.version" value="1.8"/>
    <property name="file.encoding" value="Cp1252"/>
    <property name="user.name" value="BoxOffice"/>
    <property name="java.class.path" value="F:\Maven\apache-maven-3.2.3-bin\apache-maven-3.2.3\boot\plexus-classworlds-2.5.1.jar"/>
    <property name="org.slf4j.simpleLogger.defaultLogLevel" value="error"/>
    <property name="java.vm.specification.version" value="1.8"/>
    <property name="sun.arch.data.model" value="64"/>
    <property name="java.home" value="F:\JAVA\Java\jdk1.8.0_20"/>
    <property name="sun.java.command" value="org.codehaus.plexus.classworlds.launcher.Launcher clean compile test -q"/>
    <property name="java.specification.vendor" value="Oracle Corporation"/>
    <property name="user.language" value="en"/>
    <property name="awt.toolkit" value="sun.awt.windows.WToolkit"/>
    <property name="java.vm.info" value="mixed mode"/>
    <property name="java.version" value="1.8.0_20"/>
    <property name="java.ext.dirs" value="F:\JAVA\Java\jdk1.8.0_20\lib\ext;C:\windows\Sun\Java\lib\ext"/>
    <property name="sun.boot.class.path" value="F:\JAVA\Java\jdk1.8.0_20\lib\resources.jar;F:\JAVA\Java\jdk1.8.0_20\lib\rt.jar;F:\JAVA\Java\jdk1.8.0_20\lib\sunrsasign.jar;F:\JAVA\Java\jdk1.8.0_20\lib\jsse.jar;F:\JAVA\Java\jdk1.8.0_20\lib\jce.jar;F:\JAVA\Java\jdk1.8.0_20\lib\charsets.jar;F:\JAVA\Java\jdk1.8.0_20\lib\jfr.jar;F:\JAVA\Java\jdk1.8.0_20\classes"/>
    <property name="sun.stderr.encoding" value="cp437"/>
    <property name="java.vendor" value="Oracle Corporation"/>
    <property name="maven.home" value="F:\Maven\apache-maven-3.2.3-bin\apache-maven-3.2.3"/>
    <property name="file.separator" value="\"/>
    <property name="java.vendor.url.bug" value="http://bugreport.sun.com/bugreport/"/>
    <property name="sun.cpu.endian" value="little"/>
    <property name="sun.io.unicode.encoding" value="UnicodeLittle"/>
    <property name="sun.stdout.encoding" value="cp437"/>
    <property name="sun.desktop" value="windows"/>
    <property name="sun.cpu.isalist" value="amd64"/>
  </properties>
  <testcase classname="edu.lmu.cmsi281.assignment4.LinkedNmostRecentTest" name="testNewestLessN" time="0.016"/>
  <testcase classname="edu.lmu.cmsi281.assignment4.LinkedNmostRecentTest" name="testNewestMoreN" time="0"/>
  <testcase classname="edu.lmu.cmsi281.assignment4.LinkedNmostRecentTest" name="testOldestLessN" time="0"/>
  <testcase classname="edu.lmu.cmsi281.assignment4.LinkedNmostRecentTest" name="testOldestMoreN" time="0"/>
  <testcase classname="edu.lmu.cmsi281.assignment4.LinkedNmostRecentTest" name="testSizePostReset" time="0"/>
  <testcase classname="edu.lmu.cmsi281.assignment4.LinkedNmostRecentTest" name="testSizeLessN" time="0"/>
  <testcase classname="edu.lmu.cmsi281.assignment4.LinkedNmostRecentTest" name="testSizeMoreN" time="0"/>
  <testcase classname="edu.lmu.cmsi281.assignment4.LinkedNmostRecentTest" name="testEmptyGetOldest" time="0"/>
  <testcase classname="edu.lmu.cmsi281.assignment4.LinkedNmostRecentTest" name="testEmptyGetRecent" time="0"/>
  <testcase classname="edu.lmu.cmsi281.assignment4.LinkedNmostRecentTest" name="testIterator" time="0"/>
  <testcase classname="edu.lmu.cmsi281.assignment4.LinkedNmostRecentTest" name="testNullAdd" time="0"/>
</testsuite>