<?xml version="1.0" encoding="UTF-8" ?>
<testsuite tests="15" failures="0" name="edu.lmu.cmsi281.assignment3.core.MovableObjectTest" time="0.017" errors="0" skipped="0">
  <properties>
    <property name="java.runtime.name" value="Java(TM) SE Runtime Environment"/>
    <property name="sun.boot.library.path" value="/usr/local/java/jdk1.8.0_20/jre/lib/amd64"/>
    <property name="java.vm.version" value="25.20-b23"/>
    <property name="java.vm.vendor" value="Oracle Corporation"/>
    <property name="java.vendor.url" value="http://java.oracle.com/"/>
    <property name="path.separator" value=":"/>
    <property name="guice.disable.misplaced.annotation.check" value="true"/>
    <property name="java.vm.name" value="Java HotSpot(TM) 64-Bit Server VM"/>
    <property name="file.encoding.pkg" value="sun.io"/>
    <property name="user.country" value="US"/>
    <property name="sun.java.launcher" value="SUN_STANDARD"/>
    <property name="sun.os.patch.level" value="unknown"/>
    <property name="java.vm.specification.name" value="Java Virtual Machine Specification"/>
    <property name="user.dir" value="/home/frankie/cmsi281/Assignment3"/>
    <property name="java.runtime.version" value="1.8.0_20-b26"/>
    <property name="java.awt.graphicsenv" value="sun.awt.X11GraphicsEnvironment"/>
    <property name="java.endorsed.dirs" value="/usr/local/java/jdk1.8.0_20/jre/lib/endorsed"/>
    <property name="os.arch" value="amd64"/>
    <property name="java.io.tmpdir" value="/tmp"/>
    <property name="line.separator" value="
"/>
    <property name="java.vm.specification.vendor" value="Oracle Corporation"/>
    <property name="os.name" value="Linux"/>
    <property name="classworlds.conf" value="/usr/local/apache-maven-3.2.2/bin/m2.conf"/>
    <property name="sun.jnu.encoding" value="UTF-8"/>
    <property name="java.library.path" value="/usr/java/packages/lib/amd64:/usr/lib64:/lib64:/lib:/usr/lib"/>
    <property name="java.specification.name" value="Java Platform API Specification"/>
    <property name="java.class.version" value="52.0"/>
    <property name="sun.management.compiler" value="HotSpot 64-Bit Tiered Compilers"/>
    <property name="os.version" value="3.13.0-35-generic"/>
    <property name="user.home" value="/home/frankie"/>
    <property name="user.timezone" value="America/Los_Angeles"/>
    <property name="java.awt.printerjob" value="sun.print.PSPrinterJob"/>
    <property name="file.encoding" value="UTF-8"/>
    <property name="java.specification.version" value="1.8"/>
    <property name="user.name" value="frankie"/>
    <property name="java.class.path" value="/usr/local/apache-maven-3.2.2/boot/plexus-classworlds-2.5.1.jar"/>
    <property name="org.slf4j.simpleLogger.defaultLogLevel" value="error"/>
    <property name="java.vm.specification.version" value="1.8"/>
    <property name="sun.arch.data.model" value="64"/>
    <property name="java.home" value="/usr/local/java/jdk1.8.0_20/jre"/>
    <property name="sun.java.command" value="org.codehaus.plexus.classworlds.launcher.Launcher clean compile test exec:java -q"/>
    <property name="java.specification.vendor" value="Oracle Corporation"/>
    <property name="user.language" value="en"/>
    <property name="awt.toolkit" value="sun.awt.X11.XToolkit"/>
    <property name="java.vm.info" value="mixed mode"/>
    <property name="java.version" value="1.8.0_20"/>
    <property name="java.ext.dirs" value="/usr/local/java/jdk1.8.0_20/jre/lib/ext:/usr/java/packages/lib/ext"/>
    <property name="securerandom.source" value="file:/dev/./urandom"/>
    <property name="sun.boot.class.path" value="/usr/local/java/jdk1.8.0_20/jre/lib/resources.jar:/usr/local/java/jdk1.8.0_20/jre/lib/rt.jar:/usr/local/java/jdk1.8.0_20/jre/lib/sunrsasign.jar:/usr/local/java/jdk1.8.0_20/jre/lib/jsse.jar:/usr/local/java/jdk1.8.0_20/jre/lib/jce.jar:/usr/local/java/jdk1.8.0_20/jre/lib/charsets.jar:/usr/local/java/jdk1.8.0_20/jre/lib/jfr.jar:/usr/local/java/jdk1.8.0_20/jre/classes"/>
    <property name="java.vendor" value="Oracle Corporation"/>
    <property name="maven.home" value="/usr/local/apache-maven-3.2.2"/>
    <property name="file.separator" value="/"/>
    <property name="java.vendor.url.bug" value="http://bugreport.sun.com/bugreport/"/>
    <property name="sun.cpu.endian" value="little"/>
    <property name="sun.io.unicode.encoding" value="UnicodeLittle"/>
    <property name="sun.desktop" value="gnome"/>
    <property name="sun.cpu.isalist" value=""/>
  </properties>
  <testcase classname="edu.lmu.cmsi281.assignment3.core.MovableObjectTest" name="checkPlayerWallCollision" time="0.005"/>
  <testcase classname="edu.lmu.cmsi281.assignment3.core.MovableObjectTest" name="printHitsTest" time="0"/>
  <testcase classname="edu.lmu.cmsi281.assignment3.core.MovableObjectTest" name="gameObjectMovement" time="0"/>
  <testcase classname="edu.lmu.cmsi281.assignment3.core.MovableObjectTest" name="testHits" time="0"/>
  <testcase classname="edu.lmu.cmsi281.assignment3.core.MovableObjectTest" name="checkMonster_ZX_BossCollision" time="0.002"/>
  <testcase classname="edu.lmu.cmsi281.assignment3.core.MovableObjectTest" name="badLocation" time="0.001"/>
  <testcase classname="edu.lmu.cmsi281.assignment3.core.MovableObjectTest" name="checkMonster_AS_BossCollision" time="0.001"/>
  <testcase classname="edu.lmu.cmsi281.assignment3.core.MovableObjectTest" name="checkMonster_ZX_PlayerCollision" time="0.003"/>
  <testcase classname="edu.lmu.cmsi281.assignment3.core.MovableObjectTest" name="checkBossPlayerCollision" time="0.001"/>
  <testcase classname="edu.lmu.cmsi281.assignment3.core.MovableObjectTest" name="checkPlayerMonster_ZX_Collision" time="0.001"/>
  <testcase classname="edu.lmu.cmsi281.assignment3.core.MovableObjectTest" name="checkPlayerRockCollision" time="0"/>
  <testcase classname="edu.lmu.cmsi281.assignment3.core.MovableObjectTest" name="checkPlayerBossCollision" time="0.001"/>
  <testcase classname="edu.lmu.cmsi281.assignment3.core.MovableObjectTest" name="checkMonster_AS_PlayerCollision" time="0.001"/>
  <testcase classname="edu.lmu.cmsi281.assignment3.core.MovableObjectTest" name="checkPlayerMonster_AS_Collision" time="0"/>
  <testcase classname="edu.lmu.cmsi281.assignment3.core.MovableObjectTest" name="checkPlayerTreeCollision" time="0.001"/>
</testsuite>